# JRE version: OpenJDK Runtime Environment Temurin-17.0.11+9 (17.0.11+9) (build 17.0.11+9)
# Java VM: OpenJDK Client VM Temurin-17.0.11+9 (17.0.11+9, mixed mode, emulated-client, serial gc, windows-x86)
GC Precious Log:
 CPUs: 16 total, 16 available
 Memory: 14181M
 Large Page Support: Disabled
 NUMA Support: Disabled
 Compressed Oops: Disabled
 Heap Min Capacity: 6M
 Heap Initial Capacity: 16M
 Heap Max Capacity: 1536M
 Pre-touch: Disabled
Heap:
 def new generation   total 155136K, used 61233K [0x04600000, 0x0ee50000, 0x24600000)
  eden space 137920K,  35% used [0x04600000, 0x076300d8, 0x0ccb0000)
  from space 17216K,  69% used [0x0dd80000, 0x0e91c3a0, 0x0ee50000)
  to   space 17216K,   0% used [0x0ccb0000, 0x0ccb0000, 0x0dd80000)
 tenured generation   total 342600K, used 338623K [0x24600000, 0x39492000, 0x64600000)
   the space 342600K,  98% used [0x24600000, 0x390afd20, 0x390afe00, 0x39492000)
 Metaspace       used 97512K, committed 98112K, reserved 98304K
GC Heap History (20 events):
Event: 35.109 GC heap before
{Heap before GC invocations=132 (full 7):
 def new generation   total 155136K, used 141544K [0x04600000, 0x0ee50000, 0x24600000)
  eden space 137920K, 100% used [0x04600000, 0x0ccb0000, 0x0ccb0000)
  from space 17216K,  21% used [0x0dd80000, 0x0e10a048, 0x0ee50000)
  to   space 17216K,   0% used [0x0ccb0000, 0x0ccb0000, 0x0dd80000)
 tenured generation   total 342600K, used 328001K [0x24600000, 0x39492000, 0x64600000)
   the space 342600K,  95% used [0x24600000, 0x38650468, 0x38650600, 0x39492000)
 Metaspace       used 96215K, committed 96896K, reserved 98304K
}
Event: 35.120 GC heap after
{Heap after GC invocations=133 (full 7):
 def new generation   total 155136K, used 4805K [0x04600000, 0x0ee50000, 0x24600000)
  eden space 137920K,   0% used [0x04600000, 0x04600000, 0x0ccb0000)
  from space 17216K,  27% used [0x0ccb0000, 0x0d1617d0, 0x0dd80000)
  to   space 17216K,   0% used [0x0dd80000, 0x0dd80000, 0x0ee50000)
 tenured generation   total 342600K, used 328001K [0x24600000, 0x39492000, 0x64600000)
   the space 342600K,  95% used [0x24600000, 0x38650468, 0x38650600, 0x39492000)
 Metaspace       used 96215K, committed 96896K, reserved 98304K
}
Event: 35.182 GC heap before
{Heap before GC invocations=133 (full 7):
 def new generation   total 155136K, used 142725K [0x04600000, 0x0ee50000, 0x24600000)
  eden space 137920K, 100% used [0x04600000, 0x0ccb0000, 0x0ccb0000)
  from space 17216K,  27% used [0x0ccb0000, 0x0d1617d0, 0x0dd80000)
  to   space 17216K,   0% used [0x0dd80000, 0x0dd80000, 0x0ee50000)
 tenured generation   total 342600K, used 328001K [0x24600000, 0x39492000, 0x64600000)
   the space 342600K,  95% used [0x24600000, 0x38650468, 0x38650600, 0x39492000)
 Metaspace       used 96239K, committed 96896K, reserved 98304K
}
Event: 35.194 GC heap after
{Heap after GC invocations=134 (full 7):
 def new generation   total 155136K, used 5209K [0x04600000, 0x0ee50000, 0x24600000)
  eden space 137920K,   0% used [0x04600000, 0x04600000, 0x0ccb0000)
  from space 17216K,  30% used [0x0dd80000, 0x0e296710, 0x0ee50000)
  to   space 17216K,   0% used [0x0ccb0000, 0x0ccb0000, 0x0dd80000)
 tenured generation   total 342600K, used 328001K [0x24600000, 0x39492000, 0x64600000)
   the space 342600K,  95% used [0x24600000, 0x38650468, 0x38650600, 0x39492000)
 Metaspace       used 96239K, committed 96896K, reserved 98304K
}
Event: 35.249 GC heap before
{Heap before GC invocations=134 (full 7):
 def new generation   total 155136K, used 143129K [0x04600000, 0x0ee50000, 0x24600000)
  eden space 137920K, 100% used [0x04600000, 0x0ccb0000, 0x0ccb0000)
  from space 17216K,  30% used [0x0dd80000, 0x0e296710, 0x0ee50000)
  to   space 17216K,   0% used [0x0ccb0000, 0x0ccb0000, 0x0dd80000)
 tenured generation   total 342600K, used 328001K [0x24600000, 0x39492000, 0x64600000)
   the space 342600K,  95% used [0x24600000, 0x38650468, 0x38650600, 0x39492000)
 Metaspace       used 96247K, committed 96896K, reserved 98304K
}
Event: 35.261 GC heap after
{Heap after GC invocations=135 (full 7):
 def new generation   total 155136K, used 5993K [0x04600000, 0x0ee50000, 0x24600000)
  eden space 137920K,   0% used [0x04600000, 0x04600000, 0x0ccb0000)
  from space 17216K,  34% used [0x0ccb0000, 0x0d28a590, 0x0dd80000)
  to   space 17216K,   0% used [0x0dd80000, 0x0dd80000, 0x0ee50000)
 tenured generation   total 342600K, used 328001K [0x24600000, 0x39492000, 0x64600000)
   the space 342600K,  95% used [0x24600000, 0x38650468, 0x38650600, 0x39492000)
 Metaspace       used 96247K, committed 96896K, reserved 98304K
}
Event: 35.313 GC heap before
{Heap before GC invocations=135 (full 7):
 def new generation   total 155136K, used 143913K [0x04600000, 0x0ee50000, 0x24600000)
  eden space 137920K, 100% used [0x04600000, 0x0ccb0000, 0x0ccb0000)
  from space 17216K,  34% used [0x0ccb0000, 0x0d28a590, 0x0dd80000)
  to   space 17216K,   0% used [0x0dd80000, 0x0dd80000, 0x0ee50000)
 tenured generation   total 342600K, used 328001K [0x24600000, 0x39492000, 0x64600000)
   the space 342600K,  95% used [0x24600000, 0x38650468, 0x38650600, 0x39492000)
 Metaspace       used 96254K, committed 96896K, reserved 98304K
}
Event: 35.325 GC heap after
{Heap after GC invocations=136 (full 7):
 def new generation   total 155136K, used 7029K [0x04600000, 0x0ee50000, 0x24600000)
  eden space 137920K,   0% used [0x04600000, 0x04600000, 0x0ccb0000)
  from space 17216K,  40% used [0x0dd80000, 0x0e45d6b0, 0x0ee50000)
  to   space 17216K,   0% used [0x0ccb0000, 0x0ccb0000, 0x0dd80000)
 tenured generation   total 342600K, used 328001K [0x24600000, 0x39492000, 0x64600000)
   the space 342600K,  95% used [0x24600000, 0x38650468, 0x38650600, 0x39492000)
 Metaspace       used 96254K, committed 96896K, reserved 98304K
}
Event: 35.374 GC heap before
{Heap before GC invocations=136 (full 7):
 def new generation   total 155136K, used 144949K [0x04600000, 0x0ee50000, 0x24600000)
  eden space 137920K, 100% used [0x04600000, 0x0ccb0000, 0x0ccb0000)
  from space 17216K,  40% used [0x0dd80000, 0x0e45d6b0, 0x0ee50000)
  to   space 17216K,   0% used [0x0ccb0000, 0x0ccb0000, 0x0dd80000)
 tenured generation   total 342600K, used 328001K [0x24600000, 0x39492000, 0x64600000)
   the space 342600K,  95% used [0x24600000, 0x38650468, 0x38650600, 0x39492000)
 Metaspace       used 96255K, committed 96896K, reserved 98304K
}
Event: 35.387 GC heap after
{Heap after GC invocations=137 (full 7):
 def new generation   total 155136K, used 7477K [0x04600000, 0x0ee50000, 0x24600000)
  eden space 137920K,   0% used [0x04600000, 0x04600000, 0x0ccb0000)
  from space 17216K,  43% used [0x0ccb0000, 0x0d3fd5d0, 0x0dd80000)
  to   space 17216K,   0% used [0x0dd80000, 0x0dd80000, 0x0ee50000)
 tenured generation   total 342600K, used 328001K [0x24600000, 0x39492000, 0x64600000)
   the space 342600K,  95% used [0x24600000, 0x38650468, 0x38650600, 0x39492000)
 Metaspace       used 96255K, committed 96896K, reserved 98304K
}
Event: 35.433 GC heap before
{Heap before GC invocations=137 (full 7):
 def new generation   total 155136K, used 145397K [0x04600000, 0x0ee50000, 0x24600000)
  eden space 137920K, 100% used [0x04600000, 0x0ccb0000, 0x0ccb0000)
  from space 17216K,  43% used [0x0ccb0000, 0x0d3fd5d0, 0x0dd80000)
  to   space 17216K,   0% used [0x0dd80000, 0x0dd80000, 0x0ee50000)
 tenured generation   total 342600K, used 328001K [0x24600000, 0x39492000, 0x64600000)
   the space 342600K,  95% used [0x24600000, 0x38650468, 0x38650600, 0x39492000)
 Metaspace       used 96257K, committed 96896K, reserved 98304K
}
Event: 35.447 GC heap after
{Heap after GC invocations=138 (full 7):
 def new generation   total 155136K, used 8178K [0x04600000, 0x0ee50000, 0x24600000)
  eden space 137920K,   0% used [0x04600000, 0x04600000, 0x0ccb0000)
  from space 17216K,  47% used [0x0dd80000, 0x0e57ca20, 0x0ee50000)
  to   space 17216K,   0% used [0x0ccb0000, 0x0ccb0000, 0x0dd80000)
 tenured generation   total 342600K, used 328001K [0x24600000, 0x39492000, 0x64600000)
   the space 342600K,  95% used [0x24600000, 0x38650468, 0x38650600, 0x39492000)
 Metaspace       used 96257K, committed 96896K, reserved 98304K
}
Event: 35.501 GC heap before
{Heap before GC invocations=138 (full 7):
 def new generation   total 155136K, used 146098K [0x04600000, 0x0ee50000, 0x24600000)
  eden space 137920K, 100% used [0x04600000, 0x0ccb0000, 0x0ccb0000)
  from space 17216K,  47% used [0x0dd80000, 0x0e57ca20, 0x0ee50000)
  to   space 17216K,   0% used [0x0ccb0000, 0x0ccb0000, 0x0dd80000)
 tenured generation   total 342600K, used 328001K [0x24600000, 0x39492000, 0x64600000)
   the space 342600K,  95% used [0x24600000, 0x38650468, 0x38650600, 0x39492000)
 Metaspace       used 96287K, committed 96960K, reserved 98304K
}
Event: 35.517 GC heap after
{Heap after GC invocations=139 (full 7):
 def new generation   total 155136K, used 9607K [0x04600000, 0x0ee50000, 0x24600000)
  eden space 137920K,   0% used [0x04600000, 0x04600000, 0x0ccb0000)
  from space 17216K,  55% used [0x0ccb0000, 0x0d611fa8, 0x0dd80000)
  to   space 17216K,   0% used [0x0dd80000, 0x0dd80000, 0x0ee50000)
 tenured generation   total 342600K, used 328001K [0x24600000, 0x39492000, 0x64600000)
   the space 342600K,  95% used [0x24600000, 0x38650468, 0x38650600, 0x39492000)
 Metaspace       used 96287K, committed 96960K, reserved 98304K
}
Event: 35.960 GC heap before
{Heap before GC invocations=139 (full 7):
 def new generation   total 155136K, used 147524K [0x04600000, 0x0ee50000, 0x24600000)
  eden space 137920K,  99% used [0x04600000, 0x0ccaf090, 0x0ccb0000)
  from space 17216K,  55% used [0x0ccb0000, 0x0d611fa8, 0x0dd80000)
  to   space 17216K,   0% used [0x0dd80000, 0x0dd80000, 0x0ee50000)
 tenured generation   total 342600K, used 328001K [0x24600000, 0x39492000, 0x64600000)
   the space 342600K,  95% used [0x24600000, 0x38650468, 0x38650600, 0x39492000)
 Metaspace       used 96857K, committed 97536K, reserved 98304K
}
Event: 35.981 GC heap after
{Heap after GC invocations=140 (full 7):
 def new generation   total 155136K, used 10089K [0x04600000, 0x0ee50000, 0x24600000)
  eden space 137920K,   0% used [0x04600000, 0x04600000, 0x0ccb0000)
  from space 17216K,  58% used [0x0dd80000, 0x0e75a568, 0x0ee50000)
  to   space 17216K,   0% used [0x0ccb0000, 0x0ccb0000, 0x0dd80000)
 tenured generation   total 342600K, used 330794K [0x24600000, 0x39492000, 0x64600000)
   the space 342600K,  96% used [0x24600000, 0x3890abf8, 0x3890ac00, 0x39492000)
 Metaspace       used 96857K, committed 97536K, reserved 98304K
}
Event: 36.108 GC heap before
{Heap before GC invocations=140 (full 7):
 def new generation   total 155136K, used 148009K [0x04600000, 0x0ee50000, 0x24600000)
  eden space 137920K, 100% used [0x04600000, 0x0ccb0000, 0x0ccb0000)
  from space 17216K,  58% used [0x0dd80000, 0x0e75a568, 0x0ee50000)
  to   space 17216K,   0% used [0x0ccb0000, 0x0ccb0000, 0x0dd80000)
 tenured generation   total 342600K, used 330794K [0x24600000, 0x39492000, 0x64600000)
   the space 342600K,  96% used [0x24600000, 0x3890abf8, 0x3890ac00, 0x39492000)
 Metaspace       used 96857K, committed 97536K, reserved 98304K
}
Event: 36.131 GC heap after
{Heap after GC invocations=141 (full 7):
 def new generation   total 155136K, used 15536K [0x04600000, 0x0ee50000, 0x24600000)
  eden space 137920K,   0% used [0x04600000, 0x04600000, 0x0ccb0000)
  from space 17216K,  90% used [0x0ccb0000, 0x0dbdc230, 0x0dd80000)
  to   space 17216K,   0% used [0x0dd80000, 0x0dd80000, 0x0ee50000)
 tenured generation   total 342600K, used 333068K [0x24600000, 0x39492000, 0x64600000)
   the space 342600K,  97% used [0x24600000, 0x38b43000, 0x38b43000, 0x39492000)
 Metaspace       used 96857K, committed 97536K, reserved 98304K
}
Event: 36.496 GC heap before
{Heap before GC invocations=141 (full 7):
 def new generation   total 155136K, used 153456K [0x04600000, 0x0ee50000, 0x24600000)
  eden space 137920K, 100% used [0x04600000, 0x0ccb0000, 0x0ccb0000)
  from space 17216K,  90% used [0x0ccb0000, 0x0dbdc230, 0x0dd80000)
  to   space 17216K,   0% used [0x0dd80000, 0x0dd80000, 0x0ee50000)
 tenured generation   total 342600K, used 333068K [0x24600000, 0x39492000, 0x64600000)
   the space 342600K,  97% used [0x24600000, 0x38b43000, 0x38b43000, 0x39492000)
 Metaspace       used 96984K, committed 97664K, reserved 98304K
}
Event: 36.537 GC heap after
{Heap after GC invocations=142 (full 7):
 def new generation   total 155136K, used 11888K [0x04600000, 0x0ee50000, 0x24600000)
  eden space 137920K,   0% used [0x04600000, 0x04600000, 0x0ccb0000)
  from space 17216K,  69% used [0x0dd80000, 0x0e91c3a0, 0x0ee50000)
  to   space 17216K,   0% used [0x0ccb0000, 0x0ccb0000, 0x0dd80000)
 tenured generation   total 342600K, used 338623K [0x24600000, 0x39492000, 0x64600000)
   the space 342600K,  98% used [0x24600000, 0x390afd20, 0x390afe00, 0x39492000)
 Metaspace       used 96984K, committed 97664K, reserved 98304K
}

