# JRE version: OpenJDK Runtime Environment Temurin-17.0.11+9 (17.0.11+9) (build 17.0.11+9)
# Java VM: OpenJDK Client VM Temurin-17.0.11+9 (17.0.11+9, mixed mode, emulated-client, serial gc, windows-x86)
GC Precious Log:
 CPUs: 16 total, 16 available
 Memory: 14181M
 Large Page Support: Disabled
 NUMA Support: Disabled
 Compressed Oops: Disabled
 Heap Min Capacity: 6M
 Heap Initial Capacity: 16M
 Heap Max Capacity: 1536M
 Pre-touch: Disabled
Heap:
 def new generation   total 158784K, used 85570K [0x05400000, 0x10040000, 0x25400000)
  eden space 141184K,  54% used [0x05400000, 0x09f8d078, 0x0dde0000)
  from space 17600K,  46% used [0x0ef10000, 0x0f713878, 0x10040000)
  to   space 17600K,   0% used [0x0dde0000, 0x0dde0000, 0x0ef10000)
 tenured generation   total 350640K, used 308884K [0x25400000, 0x3aa6c000, 0x65400000)
   the space 350640K,  88% used [0x25400000, 0x381a51d8, 0x381a5200, 0x3aa6c000)
 Metaspace       used 97302K, committed 97856K, reserved 98304K
GC Heap History (20 events):
Event: 45.446 GC heap before
{Heap before GC invocations=111 (full 7):
 def new generation   total 158784K, used 157393K [0x05400000, 0x10040000, 0x25400000)
  eden space 141184K, 100% used [0x05400000, 0x0dde0000, 0x0dde0000)
  from space 17600K,  92% used [0x0ef10000, 0x0fee47c8, 0x10040000)
  to   space 17600K,   0% used [0x0dde0000, 0x0dde0000, 0x0ef10000)
 tenured generation   total 350640K, used 243346K [0x25400000, 0x3aa6c000, 0x65400000)
   the space 350640K,  69% used [0x25400000, 0x341a4808, 0x341a4a00, 0x3aa6c000)
 Metaspace       used 91076K, committed 91584K, reserved 98304K
}
Event: 45.505 GC heap after
{Heap after GC invocations=112 (full 7):
 def new generation   total 158784K, used 15668K [0x05400000, 0x10040000, 0x25400000)
  eden space 141184K,   0% used [0x05400000, 0x05400000, 0x0dde0000)
  from space 17600K,  89% used [0x0dde0000, 0x0ed2d3a0, 0x0ef10000)
  to   space 17600K,   0% used [0x0ef10000, 0x0ef10000, 0x10040000)
 tenured generation   total 350640K, used 258961K [0x25400000, 0x3aa6c000, 0x65400000)
   the space 350640K,  73% used [0x25400000, 0x350e46a0, 0x350e4800, 0x3aa6c000)
 Metaspace       used 91076K, committed 91584K, reserved 98304K
}
Event: 45.929 GC heap before
{Heap before GC invocations=112 (full 7):
 def new generation   total 158784K, used 156852K [0x05400000, 0x10040000, 0x25400000)
  eden space 141184K, 100% used [0x05400000, 0x0dde0000, 0x0dde0000)
  from space 17600K,  89% used [0x0dde0000, 0x0ed2d3a0, 0x0ef10000)
  to   space 17600K,   0% used [0x0ef10000, 0x0ef10000, 0x10040000)
 tenured generation   total 350640K, used 258961K [0x25400000, 0x3aa6c000, 0x65400000)
   the space 350640K,  73% used [0x25400000, 0x350e46a0, 0x350e4800, 0x3aa6c000)
 Metaspace       used 91079K, committed 91584K, reserved 98304K
}
Event: 45.989 GC heap after
{Heap after GC invocations=113 (full 7):
 def new generation   total 158784K, used 15619K [0x05400000, 0x10040000, 0x25400000)
  eden space 141184K,   0% used [0x05400000, 0x05400000, 0x0dde0000)
  from space 17600K,  88% used [0x0ef10000, 0x0fe50f50, 0x10040000)
  to   space 17600K,   0% used [0x0dde0000, 0x0dde0000, 0x0ef10000)
 tenured generation   total 350640K, used 273954K [0x25400000, 0x3aa6c000, 0x65400000)
   the space 350640K,  78% used [0x25400000, 0x35f888f8, 0x35f88a00, 0x3aa6c000)
 Metaspace       used 91079K, committed 91584K, reserved 98304K
}
Event: 46.699 GC heap before
{Heap before GC invocations=113 (full 7):
 def new generation   total 158784K, used 156803K [0x05400000, 0x10040000, 0x25400000)
  eden space 141184K, 100% used [0x05400000, 0x0dde0000, 0x0dde0000)
  from space 17600K,  88% used [0x0ef10000, 0x0fe50f50, 0x10040000)
  to   space 17600K,   0% used [0x0dde0000, 0x0dde0000, 0x0ef10000)
 tenured generation   total 350640K, used 273954K [0x25400000, 0x3aa6c000, 0x65400000)
   the space 350640K,  78% used [0x25400000, 0x35f888f8, 0x35f88a00, 0x3aa6c000)
 Metaspace       used 93055K, committed 93632K, reserved 98304K
}
Event: 46.749 GC heap after
{Heap after GC invocations=114 (full 7):
 def new generation   total 158784K, used 11006K [0x05400000, 0x10040000, 0x25400000)
  eden space 141184K,   0% used [0x05400000, 0x05400000, 0x0dde0000)
  from space 17600K,  62% used [0x0dde0000, 0x0e89f970, 0x0ef10000)
  to   space 17600K,   0% used [0x0ef10000, 0x0ef10000, 0x10040000)
 tenured generation   total 350640K, used 289177K [0x25400000, 0x3aa6c000, 0x65400000)
   the space 350640K,  82% used [0x25400000, 0x36e665c8, 0x36e66600, 0x3aa6c000)
 Metaspace       used 93055K, committed 93632K, reserved 98304K
}
Event: 47.420 GC heap before
{Heap before GC invocations=114 (full 7):
 def new generation   total 158784K, used 152190K [0x05400000, 0x10040000, 0x25400000)
  eden space 141184K, 100% used [0x05400000, 0x0dde0000, 0x0dde0000)
  from space 17600K,  62% used [0x0dde0000, 0x0e89f970, 0x0ef10000)
  to   space 17600K,   0% used [0x0ef10000, 0x0ef10000, 0x10040000)
 tenured generation   total 350640K, used 289177K [0x25400000, 0x3aa6c000, 0x65400000)
   the space 350640K,  82% used [0x25400000, 0x36e665c8, 0x36e66600, 0x3aa6c000)
 Metaspace       used 93060K, committed 93632K, reserved 98304K
}
Event: 47.457 GC heap after
{Heap after GC invocations=115 (full 7):
 def new generation   total 158784K, used 8256K [0x05400000, 0x10040000, 0x25400000)
  eden space 141184K,   0% used [0x05400000, 0x05400000, 0x0dde0000)
  from space 17600K,  46% used [0x0ef10000, 0x0f720180, 0x10040000)
  to   space 17600K,   0% used [0x0dde0000, 0x0dde0000, 0x0ef10000)
 tenured generation   total 350640K, used 296244K [0x25400000, 0x3aa6c000, 0x65400000)
   the space 350640K,  84% used [0x25400000, 0x3754d350, 0x3754d400, 0x3aa6c000)
 Metaspace       used 93060K, committed 93632K, reserved 98304K
}
Event: 48.117 GC heap before
{Heap before GC invocations=115 (full 7):
 def new generation   total 158784K, used 149440K [0x05400000, 0x10040000, 0x25400000)
  eden space 141184K, 100% used [0x05400000, 0x0dde0000, 0x0dde0000)
  from space 17600K,  46% used [0x0ef10000, 0x0f720180, 0x10040000)
  to   space 17600K,   0% used [0x0dde0000, 0x0dde0000, 0x0ef10000)
 tenured generation   total 350640K, used 296244K [0x25400000, 0x3aa6c000, 0x65400000)
   the space 350640K,  84% used [0x25400000, 0x3754d350, 0x3754d400, 0x3aa6c000)
 Metaspace       used 93942K, committed 94528K, reserved 98304K
}
Event: 48.147 GC heap after
{Heap after GC invocations=116 (full 7):
 def new generation   total 158784K, used 13328K [0x05400000, 0x10040000, 0x25400000)
  eden space 141184K,   0% used [0x05400000, 0x05400000, 0x0dde0000)
  from space 17600K,  75% used [0x0dde0000, 0x0eae4030, 0x0ef10000)
  to   space 17600K,   0% used [0x0ef10000, 0x0ef10000, 0x10040000)
 tenured generation   total 350640K, used 296244K [0x25400000, 0x3aa6c000, 0x65400000)
   the space 350640K,  84% used [0x25400000, 0x3754d350, 0x3754d400, 0x3aa6c000)
 Metaspace       used 93942K, committed 94528K, reserved 98304K
}
Event: 48.496 GC heap before
{Heap before GC invocations=116 (full 7):
 def new generation   total 158784K, used 154512K [0x05400000, 0x10040000, 0x25400000)
  eden space 141184K, 100% used [0x05400000, 0x0dde0000, 0x0dde0000)
  from space 17600K,  75% used [0x0dde0000, 0x0eae4030, 0x0ef10000)
  to   space 17600K,   0% used [0x0ef10000, 0x0ef10000, 0x10040000)
 tenured generation   total 350640K, used 296244K [0x25400000, 0x3aa6c000, 0x65400000)
   the space 350640K,  84% used [0x25400000, 0x3754d350, 0x3754d400, 0x3aa6c000)
 Metaspace       used 95007K, committed 95616K, reserved 98304K
}
Event: 48.533 GC heap after
{Heap after GC invocations=117 (full 7):
 def new generation   total 158784K, used 3683K [0x05400000, 0x10040000, 0x25400000)
  eden space 141184K,   0% used [0x05400000, 0x05400000, 0x0dde0000)
  from space 17600K,  20% used [0x0ef10000, 0x0f2a8da0, 0x10040000)
  to   space 17600K,   0% used [0x0dde0000, 0x0dde0000, 0x0ef10000)
 tenured generation   total 350640K, used 308884K [0x25400000, 0x3aa6c000, 0x65400000)
   the space 350640K,  88% used [0x25400000, 0x381a51d8, 0x381a5200, 0x3aa6c000)
 Metaspace       used 95007K, committed 95616K, reserved 98304K
}
Event: 48.634 GC heap before
{Heap before GC invocations=117 (full 7):
 def new generation   total 158784K, used 144867K [0x05400000, 0x10040000, 0x25400000)
  eden space 141184K, 100% used [0x05400000, 0x0dde0000, 0x0dde0000)
  from space 17600K,  20% used [0x0ef10000, 0x0f2a8da0, 0x10040000)
  to   space 17600K,   0% used [0x0dde0000, 0x0dde0000, 0x0ef10000)
 tenured generation   total 350640K, used 308884K [0x25400000, 0x3aa6c000, 0x65400000)
   the space 350640K,  88% used [0x25400000, 0x381a51d8, 0x381a5200, 0x3aa6c000)
 Metaspace       used 95217K, committed 95808K, reserved 98304K
}
Event: 48.651 GC heap after
{Heap after GC invocations=118 (full 7):
 def new generation   total 158784K, used 4950K [0x05400000, 0x10040000, 0x25400000)
  eden space 141184K,   0% used [0x05400000, 0x05400000, 0x0dde0000)
  from space 17600K,  28% used [0x0dde0000, 0x0e2b5ae0, 0x0ef10000)
  to   space 17600K,   0% used [0x0ef10000, 0x0ef10000, 0x10040000)
 tenured generation   total 350640K, used 308884K [0x25400000, 0x3aa6c000, 0x65400000)
   the space 350640K,  88% used [0x25400000, 0x381a51d8, 0x381a5200, 0x3aa6c000)
 Metaspace       used 95217K, committed 95808K, reserved 98304K
}
Event: 48.718 GC heap before
{Heap before GC invocations=118 (full 7):
 def new generation   total 158784K, used 146134K [0x05400000, 0x10040000, 0x25400000)
  eden space 141184K, 100% used [0x05400000, 0x0dde0000, 0x0dde0000)
  from space 17600K,  28% used [0x0dde0000, 0x0e2b5ae0, 0x0ef10000)
  to   space 17600K,   0% used [0x0ef10000, 0x0ef10000, 0x10040000)
 tenured generation   total 350640K, used 308884K [0x25400000, 0x3aa6c000, 0x65400000)
   the space 350640K,  88% used [0x25400000, 0x381a51d8, 0x381a5200, 0x3aa6c000)
 Metaspace       used 95217K, committed 95808K, reserved 98304K
}
Event: 48.732 GC heap after
{Heap after GC invocations=119 (full 7):
 def new generation   total 158784K, used 6358K [0x05400000, 0x10040000, 0x25400000)
  eden space 141184K,   0% used [0x05400000, 0x05400000, 0x0dde0000)
  from space 17600K,  36% used [0x0ef10000, 0x0f545a10, 0x10040000)
  to   space 17600K,   0% used [0x0dde0000, 0x0dde0000, 0x0ef10000)
 tenured generation   total 350640K, used 308884K [0x25400000, 0x3aa6c000, 0x65400000)
   the space 350640K,  88% used [0x25400000, 0x381a51d8, 0x381a5200, 0x3aa6c000)
 Metaspace       used 95217K, committed 95808K, reserved 98304K
}
Event: 48.796 GC heap before
{Heap before GC invocations=119 (full 7):
 def new generation   total 158784K, used 147542K [0x05400000, 0x10040000, 0x25400000)
  eden space 141184K, 100% used [0x05400000, 0x0dde0000, 0x0dde0000)
  from space 17600K,  36% used [0x0ef10000, 0x0f545a10, 0x10040000)
  to   space 17600K,   0% used [0x0dde0000, 0x0dde0000, 0x0ef10000)
 tenured generation   total 350640K, used 308884K [0x25400000, 0x3aa6c000, 0x65400000)
   the space 350640K,  88% used [0x25400000, 0x381a51d8, 0x381a5200, 0x3aa6c000)
 Metaspace       used 95217K, committed 95808K, reserved 98304K
}
Event: 48.812 GC heap after
{Heap after GC invocations=120 (full 7):
 def new generation   total 158784K, used 7946K [0x05400000, 0x10040000, 0x25400000)
  eden space 141184K,   0% used [0x05400000, 0x05400000, 0x0dde0000)
  from space 17600K,  45% used [0x0dde0000, 0x0e5a2900, 0x0ef10000)
  to   space 17600K,   0% used [0x0ef10000, 0x0ef10000, 0x10040000)
 tenured generation   total 350640K, used 308884K [0x25400000, 0x3aa6c000, 0x65400000)
   the space 350640K,  88% used [0x25400000, 0x381a51d8, 0x381a5200, 0x3aa6c000)
 Metaspace       used 95217K, committed 95808K, reserved 98304K
}
Event: 49.069 GC heap before
{Heap before GC invocations=120 (full 7):
 def new generation   total 158784K, used 149130K [0x05400000, 0x10040000, 0x25400000)
  eden space 141184K, 100% used [0x05400000, 0x0dde0000, 0x0dde0000)
  from space 17600K,  45% used [0x0dde0000, 0x0e5a2900, 0x0ef10000)
  to   space 17600K,   0% used [0x0ef10000, 0x0ef10000, 0x10040000)
 tenured generation   total 350640K, used 308884K [0x25400000, 0x3aa6c000, 0x65400000)
   the space 350640K,  88% used [0x25400000, 0x381a51d8, 0x381a5200, 0x3aa6c000)
 Metaspace       used 96391K, committed 96960K, reserved 98304K
}
Event: 49.086 GC heap after
{Heap after GC invocations=121 (full 7):
 def new generation   total 158784K, used 8206K [0x05400000, 0x10040000, 0x25400000)
  eden space 141184K,   0% used [0x05400000, 0x05400000, 0x0dde0000)
  from space 17600K,  46% used [0x0ef10000, 0x0f713878, 0x10040000)
  to   space 17600K,   0% used [0x0dde0000, 0x0dde0000, 0x0ef10000)
 tenured generation   total 350640K, used 308884K [0x25400000, 0x3aa6c000, 0x65400000)
   the space 350640K,  88% used [0x25400000, 0x381a51d8, 0x381a5200, 0x3aa6c000)
 Metaspace       used 96391K, committed 96960K, reserved 98304K
}

